[01.07.23|16:24:29] Folder: "/db" FOUND
[01.07.23|16:24:29] DATABASE: "users.db" FOUND
[01.07.23|16:24:29] TABLE: "Users" FOUND
[01.07.23|16:24:29] DATABASE: "posts.db" FOUND
[01.07.23|16:24:29] TABLE: "Posts" FOUND
[01.07.23|16:24:29] DATABASE: "comments.db" FOUND
[01.07.23|16:24:29] TABLE: "Comments" FOUND
[01.07.23|16:24:30] Folder: "/db" FOUND
[01.07.23|16:24:30] DATABASE: "users.db" FOUND
[01.07.23|16:24:30] TABLE: "Users" FOUND
[01.07.23|16:24:30] DATABASE: "posts.db" FOUND
[01.07.23|16:24:30] TABLE: "Posts" FOUND
[01.07.23|16:24:30] DATABASE: "comments.db" FOUND
[01.07.23|16:24:30] TABLE: "Comments" FOUND
[01.07.23|16:26:10] USER: "m12345" ADDED TO DATABASE
[01.07.23|16:26:25] 1 POINTS ADDED TO "m12345"
[01.07.23|16:26:25] USER: "m12345" LOGGED IN
[01.07.23|16:26:55] POST: "hello" POSTED
[01.07.23|16:26:55] 20 POINTS ADDED TO "m12345"
[01.07.23|16:27:03] POST: "5" FOUND
[01.07.23|16:34:49] USER: "m12345" FOUND
[01.07.23|16:34:49] USER: "m12345"s PAGE LOADED
[01.07.23|16:35:15] 404
[01.07.23|16:35:23] USER: "m12345" DELETED
[01.07.23|16:38:59] Folder: "/db" FOUND
[01.07.23|16:38:59] DATABASE: "users.db" FOUND
[01.07.23|16:38:59] TABLE: "Users" FOUND
[01.07.23|16:38:59] DATABASE: "posts.db" FOUND
[01.07.23|16:38:59] TABLE: "Posts" FOUND
[01.07.23|16:38:59] DATABASE: "comments.db" FOUND
[01.07.23|16:38:59] TABLE: "Comments" FOUND
[01.07.23|16:41:57] Folder: "/db" FOUND
[01.07.23|16:41:57] DATABASE: "users.db" FOUND
[01.07.23|16:41:57] TABLE: "Users" FOUND
[01.07.23|16:41:57] DATABASE: "posts.db" FOUND
[01.07.23|16:41:57] TABLE: "Posts" FOUND
[01.07.23|16:41:57] DATABASE: "comments.db" FOUND
[01.07.23|16:41:57] TABLE: "Comments" FOUND
[01.07.23|16:41:57] Folder: "/db" FOUND
[01.07.23|16:41:57] DATABASE: "users.db" FOUND
[01.07.23|16:41:57] TABLE: "Users" FOUND
[01.07.23|16:41:57] DATABASE: "posts.db" FOUND
[01.07.23|16:41:57] TABLE: "Posts" FOUND
[01.07.23|16:41:57] DATABASE: "comments.db" FOUND
[01.07.23|16:41:57] TABLE: "Comments" FOUND
[01.07.23|16:44:49] USER: "testuser1" ADDED TO DATABASE
[01.07.23|16:45:28] 1 POINTS ADDED TO "testuser1"
[01.07.23|16:45:28] USER: "testuser1" LOGGED IN
[01.07.23|16:47:00] 404
[01.07.23|16:48:12] 1 POINTS ADDED TO "testuser1"
[01.07.23|16:48:12] USER: "testuser1" LOGGED IN
[01.07.23|16:48:12] 404
[01.07.23|16:48:53] USER: "testuser1" LOGGED OUT
[01.07.23|17:06:14] Folder: "/db" FOUND
[01.07.23|17:06:14] DATABASE: "users.db" FOUND
[01.07.23|17:06:14] TABLE: "Users" FOUND
[01.07.23|17:06:14] DATABASE: "posts.db" FOUND
[01.07.23|17:06:14] TABLE: "Posts" FOUND
[01.07.23|17:06:14] DATABASE: "comments.db" FOUND
[01.07.23|17:06:14] TABLE: "Comments" FOUND
[01.07.23|17:06:14] Folder: "/db" FOUND
[01.07.23|17:06:14] DATABASE: "users.db" FOUND
[01.07.23|17:06:14] TABLE: "Users" FOUND
[01.07.23|17:06:14] DATABASE: "posts.db" FOUND
[01.07.23|17:06:14] TABLE: "Posts" FOUND
[01.07.23|17:06:14] DATABASE: "comments.db" FOUND
[01.07.23|17:06:14] TABLE: "Comments" FOUND
[01.07.23|17:07:11] POST: "1" FOUND
[01.07.23|17:07:25] USER: "dogukanurker" FOUND
[01.07.23|17:07:25] USER: "dogukanurker"s PAGE LOADED
[01.07.23|17:10:02] USER: "dogukanurker" NOT FOUND
[01.07.23|17:10:14] POST: "1" FOUND
[01.07.23|17:10:26] 404
[01.07.23|17:10:32] POST: "4" FOUND
[01.07.23|17:10:47] Folder: "/db" FOUND
[01.07.23|17:10:47] DATABASE: "users.db" FOUND
[01.07.23|17:10:47] TABLE: "Users" FOUND
[01.07.23|17:10:47] DATABASE: "posts.db" FOUND
[01.07.23|17:10:47] TABLE: "Posts" FOUND
[01.07.23|17:10:47] DATABASE: "comments.db" FOUND
[01.07.23|17:10:47] TABLE: "Comments" FOUND
[01.07.23|17:10:47] Folder: "/db" FOUND
[01.07.23|17:10:47] DATABASE: "users.db" FOUND
[01.07.23|17:10:47] TABLE: "Users" FOUND
[01.07.23|17:10:47] DATABASE: "posts.db" FOUND
[01.07.23|17:10:47] TABLE: "Posts" FOUND
[01.07.23|17:10:47] DATABASE: "comments.db" FOUND
[01.07.23|17:10:47] TABLE: "Comments" FOUND
[01.07.23|17:10:54] POST: "1" FOUND
[01.07.23|17:11:09] POST: "5" FOUND
[01.07.23|17:12:39] Folder: "/db" FOUND
[01.07.23|17:12:39] DATABASE: "users.db" FOUND
[01.07.23|17:12:39] TABLE: "Users" FOUND
[01.07.23|17:12:39] DATABASE: "posts.db" FOUND
[01.07.23|17:12:39] TABLE: "Posts" FOUND
[01.07.23|17:12:39] DATABASE: "comments.db" FOUND
[01.07.23|17:12:39] TABLE: "Comments" FOUND
[01.07.23|17:12:40] Folder: "/db" FOUND
[01.07.23|17:12:40] DATABASE: "users.db" FOUND
[01.07.23|17:12:40] TABLE: "Users" FOUND
[01.07.23|17:12:40] DATABASE: "posts.db" FOUND
[01.07.23|17:12:40] TABLE: "Posts" FOUND
[01.07.23|17:12:40] DATABASE: "comments.db" FOUND
[01.07.23|17:12:40] TABLE: "Comments" FOUND
[01.07.23|17:12:45] POST: "1" FOUND
[01.07.23|17:12:55] 404
[01.07.23|17:15:39] Folder: "/db" FOUND
[01.07.23|17:15:39] DATABASE: "users.db" FOUND
[01.07.23|17:15:39] TABLE: "Users" FOUND
[01.07.23|17:15:39] DATABASE: "posts.db" FOUND
[01.07.23|17:15:39] TABLE: "Posts" FOUND
[01.07.23|17:15:39] DATABASE: "comments.db" FOUND
[01.07.23|17:15:39] TABLE: "Comments" FOUND
[01.07.23|17:15:40] Folder: "/db" FOUND
[01.07.23|17:15:40] DATABASE: "users.db" FOUND
[01.07.23|17:15:40] TABLE: "Users" FOUND
[01.07.23|17:15:40] DATABASE: "posts.db" FOUND
[01.07.23|17:15:40] TABLE: "Posts" FOUND
[01.07.23|17:15:40] DATABASE: "comments.db" FOUND
[01.07.23|17:15:40] TABLE: "Comments" FOUND
[01.07.23|17:15:46] POST: "1" FOUND
[01.07.23|17:15:52] 404
[01.07.23|17:15:53] POST: "2" FOUND
[01.07.23|17:15:58] USER: "dogukanurker" FOUND
[01.07.23|17:15:58] USER: "dogukanurker"s PAGE LOADED
[01.07.23|17:16:07] POST: "3" FOUND
[01.07.23|17:16:21] USER: "dorukp" FOUND
[01.07.23|17:16:21] USER: "dorukp"s PAGE LOADED
